c:\users\jules\desktop\sdl game\sdlgame\sdlgame\debug\vc141.pdb
c:\users\jules\desktop\sdl game\sdlgame\sdlgame\debug\vc141.idb
c:\users\jules\desktop\sdl game\sdlgame\sdlgame\debug\collision.obj
c:\users\jules\desktop\sdl game\sdlgame\sdlgame\debug\ecs.obj
c:\users\jules\desktop\sdl game\sdlgame\sdlgame\debug\vector2d.obj
c:\users\jules\desktop\sdl game\sdlgame\sdlgame\debug\game.obj
c:\users\jules\desktop\sdl game\sdlgame\sdlgame\debug\gameobject.obj
c:\users\jules\desktop\sdl game\sdlgame\sdlgame\debug\main.obj
c:\users\jules\desktop\sdl game\sdlgame\sdlgame\debug\map.obj
c:\users\jules\desktop\sdl game\sdlgame\sdlgame\debug\texturemanager.obj
c:\users\jules\desktop\sdl game\sdlgame\debug\sdlgame.ilk
c:\users\jules\desktop\sdl game\sdlgame\debug\sdlgame.exe
c:\users\jules\desktop\sdl game\sdlgame\debug\sdlgame.pdb
c:\users\jules\desktop\sdl game\sdlgame\debug\sdlgame.lib
c:\users\jules\desktop\sdl game\sdlgame\debug\sdlgame.exp
c:\users\jules\desktop\sdl game\sdlgame\sdlgame\debug\sdlgame.tlog\cl.command.1.tlog
c:\users\jules\desktop\sdl game\sdlgame\sdlgame\debug\sdlgame.tlog\cl.read.1.tlog
c:\users\jules\desktop\sdl game\sdlgame\sdlgame\debug\sdlgame.tlog\cl.write.1.tlog
c:\users\jules\desktop\sdl game\sdlgame\sdlgame\debug\sdlgame.tlog\link.command.1.tlog
c:\users\jules\desktop\sdl game\sdlgame\sdlgame\debug\sdlgame.tlog\link.read.1.tlog
c:\users\jules\desktop\sdl game\sdlgame\sdlgame\debug\sdlgame.tlog\link.write.1.tlog
c:\users\jules\desktop\sdl game\sdlgame\sdlgame\debug\sdlgame.tlog\sdlgame.write.1u.tlog
